Start reading: data/2ch_silence.wav

Read sample # 1.
Current time:   0.000023 seconds.
    Channel #  1:  0.00000E+00
    Channel #  2:  0.00000E+00
Read sample # 2.
Current time:   0.000045 seconds.
    Channel #  1:  0.00000E+00
    Channel #  2:  0.00000E+00
Read sample # 3.
Current time:   0.000068 seconds.
    Channel #  1:  0.00000E+00
    Channel #  2:  0.00000E+00
Read sample # 4.
Current time:   0.000091 seconds.
    Channel #  1:  0.00000E+00
    Channel #  2:  0.00000E+00
Read sample # 5.
Current time:   0.000113 seconds.
    Channel #  1:  0.00000E+00
    Channel #  2:  0.00000E+00
Read sample # 6.
Current time:   0.000136 seconds.
    Channel #  1:  0.00000E+00
    Channel #  2:  0.00000E+00
Read sample # 7.
Current time:   0.000159 seconds.
    Channel #  1:  0.00000E+00
    Channel #  2:  0.00000E+00
Read sample # 8.
Current time:   0.000181 seconds.
    Channel #  1:  0.00000E+00
    Channel #  2:  0.00000E+00
Read sample # 9.
Current time:   0.000204 seconds.
    Channel #  1:  0.00000E+00
    Channel #  2:  0.00000E+00
Read sample # 10.
Current time:   0.000227 seconds.
    Channel #  1:  0.00000E+00
    Channel #  2:  0.00000E+00
Read sample # 11.
Current time:   0.000249 seconds.
    Channel #  1:  0.00000E+00
    Channel #  2:  0.00000E+00
Read sample # 12.
Current time:   0.000272 seconds.
    Channel #  1:  0.00000E+00
    Channel #  2:  0.00000E+00
Read sample # 13.
Current time:   0.000295 seconds.
    Channel #  1:  0.00000E+00
    Channel #  2:  0.00000E+00
Read sample # 14.
Current time:   0.000317 seconds.
    Channel #  1:  0.00000E+00
    Channel #  2:  0.00000E+00
Read sample # 15.
Current time:   0.000340 seconds.
    Channel #  1:  0.00000E+00
    Channel #  2:  0.00000E+00
Read sample # 16.
Current time:   0.000363 seconds.
    Channel #  1:  0.00000E+00
    Channel #  2:  0.00000E+00
Read sample # 17.
Current time:   0.000385 seconds.
    Channel #  1:  0.00000E+00
    Channel #  2:  0.00000E+00
Read sample # 18.
Current time:   0.000408 seconds.
    Channel #  1:  0.00000E+00
    Channel #  2:  0.00000E+00
Read sample # 19.
Current time:   0.000431 seconds.
    Channel #  1:  0.00000E+00
    Channel #  2:  0.00000E+00
Read sample # 20.
Current time:   0.000454 seconds.
    Channel #  1:  0.00000E+00
    Channel #  2:  0.00000E+00
Read sample # 21.
Current time:   0.000476 seconds.
    Channel #  1:  0.00000E+00
    Channel #  2:  0.00000E+00
Read sample # 22.
Current time:   0.000499 seconds.
    Channel #  1:  0.00000E+00
    Channel #  2:  0.00000E+00
Read sample # 23.
Current time:   0.000522 seconds.
    Channel #  1:  0.00000E+00
    Channel #  2:  0.00000E+00
Read sample # 24.
Current time:   0.000544 seconds.
    Channel #  1:  0.00000E+00
    Channel #  2:  0.00000E+00
Read sample # 25.
Current time:   0.000567 seconds.
    Channel #  1:  0.00000E+00
    Channel #  2:  0.00000E+00
Read sample # 26.
Current time:   0.000590 seconds.
    Channel #  1:  0.00000E+00
    Channel #  2:  0.00000E+00
Read sample # 27.
Current time:   0.000612 seconds.
    Channel #  1:  0.00000E+00
    Channel #  2:  0.00000E+00
Read sample # 28.
Current time:   0.000635 seconds.
    Channel #  1:  0.00000E+00
    Channel #  2:  0.00000E+00
Read sample # 29.
Current time:   0.000658 seconds.
    Channel #  1:  0.00000E+00
    Channel #  2:  0.00000E+00
Read sample # 30.
Current time:   0.000680 seconds.
    Channel #  1:  0.00000E+00
    Channel #  2:  0.00000E+00
Read sample # 31.
Current time:   0.000703 seconds.
    Channel #  1:  0.00000E+00
    Channel #  2:  0.00000E+00
Read sample # 32.
Current time:   0.000726 seconds.
    Channel #  1:  0.00000E+00
    Channel #  2:  0.00000E+00
Read sample # 33.
Current time:   0.000748 seconds.
    Channel #  1:  0.00000E+00
    Channel #  2:  0.00000E+00
Read sample # 34.
Current time:   0.000771 seconds.
    Channel #  1:  0.00000E+00
    Channel #  2:  0.00000E+00
Read sample # 35.
Current time:   0.000794 seconds.
    Channel #  1:  0.00000E+00
    Channel #  2:  0.00000E+00
Read sample # 36.
Current time:   0.000816 seconds.
    Channel #  1:  0.00000E+00
    Channel #  2:  0.00000E+00
Read sample # 37.
Current time:   0.000839 seconds.
    Channel #  1:  0.00000E+00
    Channel #  2:  0.00000E+00
Read sample # 38.
Current time:   0.000862 seconds.
    Channel #  1:  0.00000E+00
    Channel #  2:  0.00000E+00
Read sample # 39.
Current time:   0.000884 seconds.
    Channel #  1:  0.00000E+00
    Channel #  2:  0.00000E+00
Read sample # 40.
Current time:   0.000907 seconds.
    Channel #  1:  0.00000E+00
    Channel #  2:  0.00000E+00
Read sample # 41.
Current time:   0.000930 seconds.
    Channel #  1:  0.00000E+00
    Channel #  2:  0.00000E+00
Read sample # 42.
Current time:   0.000952 seconds.
    Channel #  1:  0.00000E+00
    Channel #  2:  0.00000E+00
Read sample # 43.
Current time:   0.000975 seconds.
    Channel #  1:  0.00000E+00
    Channel #  2:  0.00000E+00
Read sample # 44.
Current time:   0.000998 seconds.
    Channel #  1:  0.00000E+00
    Channel #  2:  0.00000E+00

Finished reading  44 samples.
End time:   0.000998 seconds.
